{"name":"Adicionar produto no carrinho","status":"broken","statusDetails":{"known":false,"muted":false,"flaky":false,"message":"Expected condition failed: waiting for visibility of Proxy element for: DefaultElementLocator 'By.cssSelector: #render-store\\.home > div > div.vtex-store__template.bg-base > div > div > div > div:nth-child(8) > div > div:nth-child(4) > div > section > div > div > div > div:nth-child(6) > div > div > div > div > div > div.tokstoksponsorio-pdp-components-0-x-pdpBottomContainer > div.vtex-flex-layout-0-x-flexRow.vtex-flex-layout-0-x-flexRow--buyButtonProductPage > div > div > button > div' (tried for 15 second(s) with 500 milliseconds interval)","trace":"org.openqa.selenium.TimeoutException: Expected condition failed: waiting for visibility of Proxy element for: DefaultElementLocator 'By.cssSelector: #render-store\\.home > div > div.vtex-store__template.bg-base > div > div > div > div:nth-child(8) > div > div:nth-child(4) > div > section > div > div > div > div:nth-child(6) > div > div > div > div > div > div.tokstoksponsorio-pdp-components-0-x-pdpBottomContainer > div.vtex-flex-layout-0-x-flexRow.vtex-flex-layout-0-x-flexRow--buyButtonProductPage > div > div > button > div' (tried for 15 second(s) with 500 milliseconds interval)\r\n\tat org.openqa.selenium.support.ui.WebDriverWait.timeoutException(WebDriverWait.java:95)\r\n\tat org.openqa.selenium.support.ui.FluentWait.until(FluentWait.java:272)\r\n\tat TokStok.Test.Teste.escolho_um_movel(Teste.java:44)\r\n\tat âœ½.When escolho um movel(compras.feature:9)\r\nCaused by: org.openqa.selenium.NoSuchElementException: no such element: Unable to locate element: {\"method\":\"css selector\",\"selector\":\"#render-store\\.home > div > div.vtex-store__template.bg-base > div > div > div > div:nth-child(8) > div > div:nth-child(4) > div > section > div > div > div > div:nth-child(6) > div > div > div > div > div > div.tokstoksponsorio-pdp-components-0-x-pdpBottomContainer > div.vtex-flex-layout-0-x-flexRow.vtex-flex-layout-0-x-flexRow--buyButtonProductPage > div > div > button > div\"}\n  (Session info: chrome=91.0.4472.77)\nFor documentation on this error, please visit: https://www.seleniumhq.org/exceptions/no_such_element.html\nBuild info: version: '3.141.59', revision: 'e82be7d358', time: '2018-11-14T08:17:03'\nSystem info: host: 'DESKTOP-OQFHH8F', ip: '192.168.0.16', os.name: 'Windows 10', os.arch: 'amd64', os.version: '10.0', java.version: '1.8.0_261'\nDriver info: org.openqa.selenium.chrome.ChromeDriver\nCapabilities {acceptInsecureCerts: true, browserName: chrome, browserVersion: 91.0.4472.77, chrome: {chromedriverVersion: 90.0.4430.24 (4c6d850f087da..., userDataDir: C:\\Users\\marco\\AppData\\Loca...}, goog:chromeOptions: {debuggerAddress: localhost:62501}, javascriptEnabled: true, networkConnectionEnabled: false, pageLoadStrategy: normal, platform: WINDOWS, platformName: WINDOWS, proxy: Proxy(), setWindowRect: true, strictFileInteractability: false, timeouts: {implicit: 0, pageLoad: 300000, script: 30000}, unhandledPromptBehavior: dismiss and notify, webauthn:extension:largeBlob: true, webauthn:virtualAuthenticators: true}\nSession ID: c66e7bd58886c9eb6164709079669af6\n*** Element info: {Using=css selector, value=#render-store\\.home > div > div.vtex-store__template.bg-base > div > div > div > div:nth-child(8) > div > div:nth-child(4) > div > section > div > div > div > div:nth-child(6) > div > div > div > div > div > div.tokstoksponsorio-pdp-components-0-x-pdpBottomContainer > div.vtex-flex-layout-0-x-flexRow.vtex-flex-layout-0-x-flexRow--buyButtonProductPage > div > div > button > div}\r\n\tat sun.reflect.NativeConstructorAccessorImpl.newInstance0(Native Method)\r\n\tat sun.reflect.NativeConstructorAccessorImpl.newInstance(NativeConstructorAccessorImpl.java:62)\r\n\tat sun.reflect.DelegatingConstructorAccessorImpl.newInstance(DelegatingConstructorAccessorImpl.java:45)\r\n\tat java.lang.reflect.Constructor.newInstance(Constructor.java:423)\r\n\tat org.openqa.selenium.remote.http.W3CHttpResponseCodec.createException(W3CHttpResponseCodec.java:187)\r\n\tat org.openqa.selenium.remote.http.W3CHttpResponseCodec.decode(W3CHttpResponseCodec.java:122)\r\n\tat org.openqa.selenium.remote.http.W3CHttpResponseCodec.decode(W3CHttpResponseCodec.java:49)\r\n\tat org.openqa.selenium.remote.HttpCommandExecutor.execute(HttpCommandExecutor.java:158)\r\n\tat org.openqa.selenium.remote.service.DriverCommandExecutor.execute(DriverCommandExecutor.java:83)\r\n\tat org.openqa.selenium.remote.RemoteWebDriver.execute(RemoteWebDriver.java:552)\r\n\tat org.openqa.selenium.remote.RemoteWebDriver.findElement(RemoteWebDriver.java:323)\r\n\tat org.openqa.selenium.remote.RemoteWebDriver.findElementByCssSelector(RemoteWebDriver.java:420)\r\n\tat org.openqa.selenium.By$ByCssSelector.findElement(By.java:431)\r\n\tat org.openqa.selenium.remote.RemoteWebDriver.findElement(RemoteWebDriver.java:315)\r\n\tat org.openqa.selenium.support.pagefactory.DefaultElementLocator.findElement(DefaultElementLocator.java:69)\r\n\tat org.openqa.selenium.support.pagefactory.internal.LocatingElementHandler.invoke(LocatingElementHandler.java:38)\r\n\tat com.sun.proxy.$Proxy16.isDisplayed(Unknown Source)\r\n\tat org.openqa.selenium.support.ui.ExpectedConditions.elementIfVisible(ExpectedConditions.java:314)\r\n\tat org.openqa.selenium.support.ui.ExpectedConditions.access$000(ExpectedConditions.java:43)\r\n\tat org.openqa.selenium.support.ui.ExpectedConditions$10.apply(ExpectedConditions.java:300)\r\n\tat org.openqa.selenium.support.ui.ExpectedConditions$10.apply(ExpectedConditions.java:297)\r\n\tat org.openqa.selenium.support.ui.FluentWait.until(FluentWait.java:249)\r\n\tat TokStok.Test.Teste.escolho_um_movel(Teste.java:44)\r\n\tat sun.reflect.NativeMethodAccessorImpl.invoke0(Native Method)\r\n\tat sun.reflect.NativeMethodAccessorImpl.invoke(NativeMethodAccessorImpl.java:62)\r\n\tat sun.reflect.DelegatingMethodAccessorImpl.invoke(DelegatingMethodAccessorImpl.java:43)\r\n\tat java.lang.reflect.Method.invoke(Method.java:498)\r\n\tat cucumber.runtime.Utils$1.call(Utils.java:40)\r\n\tat cucumber.runtime.Timeout.timeout(Timeout.java:16)\r\n\tat cucumber.runtime.Utils.invoke(Utils.java:34)\r\n\tat cucumber.runtime.java.JavaStepDefinition.execute(JavaStepDefinition.java:38)\r\n\tat cucumber.runtime.StepDefinitionMatch.runStep(StepDefinitionMatch.java:37)\r\n\tat cucumber.runtime.Runtime.runStep(Runtime.java:300)\r\n\tat cucumber.runtime.model.StepContainer.runStep(StepContainer.java:44)\r\n\tat cucumber.runtime.model.StepContainer.runSteps(StepContainer.java:39)\r\n\tat cucumber.runtime.model.CucumberScenario.run(CucumberScenario.java:44)\r\n\tat cucumber.runtime.junit.ExecutionUnitRunner.run(ExecutionUnitRunner.java:102)\r\n\tat cucumber.runtime.junit.FeatureRunner.runChild(FeatureRunner.java:63)\r\n\tat cucumber.runtime.junit.FeatureRunner.runChild(FeatureRunner.java:18)\r\n\tat org.junit.runners.ParentRunner$4.run(ParentRunner.java:331)\r\n\tat org.junit.runners.ParentRunner$1.schedule(ParentRunner.java:79)\r\n\tat org.junit.runners.ParentRunner.runChildren(ParentRunner.java:329)\r\n\tat org.junit.runners.ParentRunner.access$100(ParentRunner.java:66)\r\n\tat org.junit.runners.ParentRunner$2.evaluate(ParentRunner.java:293)\r\n\tat org.junit.runners.ParentRunner$3.evaluate(ParentRunner.java:306)\r\n\tat org.junit.runners.ParentRunner.run(ParentRunner.java:413)\r\n\tat cucumber.runtime.junit.FeatureRunner.run(FeatureRunner.java:70)\r\n\tat cucumber.api.junit.Cucumber.runChild(Cucumber.java:95)\r\n\tat cucumber.api.junit.Cucumber.runChild(Cucumber.java:38)\r\n\tat org.junit.runners.ParentRunner$4.run(ParentRunner.java:331)\r\n\tat org.junit.runners.ParentRunner$1.schedule(ParentRunner.java:79)\r\n\tat org.junit.runners.ParentRunner.runChildren(ParentRunner.java:329)\r\n\tat org.junit.runners.ParentRunner.access$100(ParentRunner.java:66)\r\n\tat org.junit.runners.ParentRunner$2.evaluate(ParentRunner.java:293)\r\n\tat org.junit.runners.ParentRunner$3.evaluate(ParentRunner.java:306)\r\n\tat org.junit.runners.ParentRunner.run(ParentRunner.java:413)\r\n\tat cucumber.api.junit.Cucumber.run(Cucumber.java:100)\r\n\tat org.eclipse.jdt.internal.junit4.runner.JUnit4TestReference.run(JUnit4TestReference.java:89)\r\n\tat org.eclipse.jdt.internal.junit.runner.TestExecution.run(TestExecution.java:41)\r\n\tat org.eclipse.jdt.internal.junit.runner.RemoteTestRunner.runTests(RemoteTestRunner.java:542)\r\n\tat org.eclipse.jdt.internal.junit.runner.RemoteTestRunner.runTests(RemoteTestRunner.java:770)\r\n\tat org.eclipse.jdt.internal.junit.runner.RemoteTestRunner.run(RemoteTestRunner.java:464)\r\n\tat org.eclipse.jdt.internal.junit.runner.RemoteTestRunner.main(RemoteTestRunner.java:210)\r\n"},"stage":"finished","description":"Eu como usuario quero adicionar produto no carrinho de compras","steps":[{"name":"Given  que eu acesse o site \"https://www.tokstok.com.br/\"","status":"passed","stage":"finished","steps":[],"attachments":[],"parameters":[],"start":1623520248705,"stop":1623520256253},{"name":"When  escolho um movel","status":"failed","stage":"finished","steps":[],"attachments":[],"parameters":[],"start":1623520256255,"stop":1623520306087},{"name":"Then  valido produto adicionado no carrinho.","status":"skipped","stage":"finished","steps":[],"attachments":[],"parameters":[],"start":1623520306088,"stop":1623520306089}],"attachments":[],"parameters":[],"start":1623520248700,"stop":1623520306089,"uuid":"2788e987-3f75-48e0-91e8-58df194de238","historyId":"b82fa3c9031e7ce523cb44d2bfde8b1c","fullName":"Adcionar produto no carrinho de compras: Adicionar produto no carrinho","labels":[{"name":"feature","value":"Adcionar produto no carrinho de compras"},{"name":"story","value":"Adicionar produto no carrinho"},{"name":"tag","value":"executa"},{"name":"host","value":"DESKTOP-OQFHH8F"},{"name":"thread","value":"37296@DESKTOP-OQFHH8F.main(1)"},{"name":"package","value":"Adcionar produto no carrinho de compras"},{"name":"suite","value":"Adcionar produto no carrinho de compras"},{"name":"testClass","value":"Adicionar produto no carrinho"},{"name":"framework","value":"cucumberjvm"},{"name":"language","value":"java"}],"links":[]}